total 560
-rw-------  1 andrew andrew  25168 Dec 23 23:44 .bash_history
-rw-r--r--  1 andrew andrew    220 Sep 22  2023 .bash_logout
-rw-r--r--  1 andrew andrew   4001 Dec  1 00:01 .bashrc
drwx------  8 andrew andrew   4096 Nov 11 14:49 .cache
drwxr-xr-x  4 andrew andrew   4096 Dec 21 19:14 .config
drwxr-xr-x  2 andrew andrew   4096 Dec  3 01:18 .cspell
drwxr-xr-x  3 andrew andrew   4096 Sep 28 14:16 .dotnet
drwx------  2 andrew andrew   4096 Dec 24 22:50 .emacs.d
-rw-r--r--  1 andrew andrew    102 Sep  9 22:08 .gitconfig
drwxr-xr-x  2 andrew andrew   4096 Dec 22 15:45 .landscape
-rw-------  1 andrew andrew     20 Dec 24 23:11 .lesshst
drwxr-xr-x  5 andrew andrew   4096 Dec  3 15:01 .local
-rw-r--r--  1 andrew andrew      0 Dec 24 22:47 .motd_shown
drwxr-xr-x  5 andrew andrew   4096 Oct 16 00:08 .npm
drwxr-xr-x  8 andrew andrew   4096 Sep  9 12:53 .nvm
-rw-r--r--  1 andrew andrew    807 Sep 22  2023 .profile
-rw-------  1 andrew andrew   2285 Dec 23 22:36 .python_history
drwxr-xr-x  3 andrew andrew   4096 Oct 25 18:57 .rest-client
drwx------  2 andrew andrew   4096 Dec 23 12:29 .ssh
-rw-r--r--  1 andrew andrew      0 Sep  4 12:18 .sudo_as_admin_successful
-rw-------  1 andrew andrew 184320 Dec 21 18:53 .swo
-rw-------  1 andrew andrew 184320 Dec 21 18:52 .swp
drwxr-xr-x  3 andrew andrew   4096 Dec 21 18:36 .tmux
-rw-r--r--  1 andrew andrew    294 Dec 22 22:38 .tmux.conf
-rw-------  1 andrew andrew      0 Nov 11 16:49 .ts_node_repl_history
drwxr-x---  4 andrew andrew   4096 Dec 22 23:07 .vim
-rw-------  1 andrew andrew  14507 Dec 24 23:01 .viminfo
-rw-r--r--  1 andrew andrew    456 Dec 22 23:07 .vimrc
drwxr-xr-x  2 andrew andrew   4096 Dec  3 01:18 .vscode
drwxr-xr-x  3 andrew andrew   4096 Dec  1 20:26 .vscode-remote-containers
drwxr-xr-x  5 andrew andrew   4096 Sep  4 12:59 .vscode-server
-rw-r--r--  1 andrew andrew    183 Nov  9 18:07 .wget-hsts
drwxr-xr-x  4 andrew andrew   4096 Dec 16 18:29 1511
drwxr-xr-x  3 andrew andrew   4096 Dec  5 16:27 24T3_COMP1511-unicode
drwxr-xr-x  3 andrew andrew   4096 Dec  2 23:59 24T3_hackathon
drwxr-xr-x 10 andrew andrew   4096 Dec 16 23:36 25T1_COMP1511_A1
drwxr-xr-x  4 andrew andrew   4096 Dec 19 11:06 andrew-polak-splashkit-C-course
drwxr-xr-x  4 andrew andrew   4096 Dec 21 11:27 ap-course-assembly-x86_64-arm-linux-systems
drwxr-xr-x  6 andrew andrew   4096 Dec 22 22:41 ap-course-bash-and-linux
drwxr-xr-x  9 andrew andrew   4096 Dec 24 20:16 ap-course-oop-with-cpp-and-java
drwxr-xr-x 12 andrew andrew   4096 Dec 23 22:55 ap-course-python
drwxr-xr-x  2 andrew andrew   4096 Dec 18 15:45 bin
drwxr-xr-x  4 andrew andrew   4096 Dec  1 00:02 riscv
drwxr-xr-x  2 andrew andrew   4096 Dec 22 15:47 sandpit
drwxr-xr-x  3 andrew andrew   4096 Oct  5 14:31 unsw
drwxr-xr-x  5 andrew andrew   4096 Oct 24 23:58 unsw-private
